[debug] [2020-06-09T09:46:46.249Z] ----------------------------------------------------------------------
[debug] [2020-06-09T09:46:46.251Z] Command:       /Users/chrisjensen/.nvm/versions/node/v10.17.0/bin/node /Users/chrisjensen/.nvm/versions/node/v10.17.0/bin/firebase init
[debug] [2020-06-09T09:46:46.251Z] CLI Version:   8.4.2
[debug] [2020-06-09T09:46:46.251Z] Platform:      darwin
[debug] [2020-06-09T09:46:46.252Z] Node Version:  v10.17.0
[debug] [2020-06-09T09:46:46.252Z] Time:          Tue Jun 09 2020 21:46:46 GMT+1200 (New Zealand Standard Time)
[debug] [2020-06-09T09:46:46.252Z] ----------------------------------------------------------------------
[debug] [2020-06-09T09:46:46.252Z] 
[debug] [2020-06-09T09:46:46.260Z] > command requires scopes: ["email","openid","https://www.googleapis.com/auth/cloudplatformprojects.readonly","https://www.googleapis.com/auth/firebase","https://www.googleapis.com/auth/cloud-platform"]
[debug] [2020-06-09T09:46:46.260Z] > authorizing via signed-in user
[info] 
     ######## #### ########  ######## ########     ###     ######  ########
     ##        ##  ##     ## ##       ##     ##  ##   ##  ##       ##
     ######    ##  ########  ######   ########  #########  ######  ######
     ##        ##  ##    ##  ##       ##     ## ##     ##       ## ##
     ##       #### ##     ## ######## ########  ##     ##  ######  ########

You're about to initialize a Firebase project in this directory:

  /Users/chrisjensen/Sites/blm/functions

[info] 
=== Project Setup
[info] 
[info] First, let's associate this project directory with a Firebase project.
[info] You can create multiple project aliases by running firebase use --add, 
[info] but for now we'll just set up a default project.
[info] 
[debug] [2020-06-09T09:46:59.774Z] >>> HTTP REQUEST GET https://firebase.googleapis.com/v1beta1/availableProjects?pageSize=100  
 
[debug] [2020-06-09T09:47:01.797Z] <<< HTTP RESPONSE 200 {"content-type":"application/json; charset=UTF-8","vary":"X-Origin, Referer, Origin,Accept-Encoding","date":"Tue, 09 Jun 2020 09:47:01 GMT","server":"ESF","cache-control":"private","x-xss-protection":"0","x-frame-options":"SAMEORIGIN","x-content-type-options":"nosniff","alt-svc":"h3-27=\":443\"; ma=2592000,h3-25=\":443\"; ma=2592000,h3-T050=\":443\"; ma=2592000,h3-Q050=\":443\"; ma=2592000,h3-Q049=\":443\"; ma=2592000,h3-Q048=\":443\"; ma=2592000,h3-Q046=\":443\"; ma=2592000,h3-Q043=\":443\"; ma=2592000,quic=\":443\"; ma=2592000; v=\"46,43\"","accept-ranges":"none","transfer-encoding":"chunked"}
[debug] [2020-06-09T09:47:40.773Z] >>> HTTP REQUEST POST https://firebase.googleapis.com/v1beta1/projects/raisely-custom:addFirebase  
 
[debug] [2020-06-09T09:47:41.319Z] <<< HTTP RESPONSE 403 {"vary":"X-Origin, Referer, Origin,Accept-Encoding","content-type":"application/json; charset=UTF-8","date":"Tue, 09 Jun 2020 09:47:41 GMT","server":"ESF","cache-control":"private","x-xss-protection":"0","x-frame-options":"SAMEORIGIN","x-content-type-options":"nosniff","alt-svc":"h3-27=\":443\"; ma=2592000,h3-25=\":443\"; ma=2592000,h3-T050=\":443\"; ma=2592000,h3-Q050=\":443\"; ma=2592000,h3-Q049=\":443\"; ma=2592000,h3-Q048=\":443\"; ma=2592000,h3-Q046=\":443\"; ma=2592000,h3-Q043=\":443\"; ma=2592000,quic=\":443\"; ma=2592000; v=\"46,43\"","accept-ranges":"none","transfer-encoding":"chunked"}
[debug] [2020-06-09T09:47:41.319Z] <<< HTTP RESPONSE BODY {"error":{"code":403,"message":"The caller does not have permission","status":"PERMISSION_DENIED"}}
[debug] [2020-06-09T09:47:41.321Z] HTTP Error: 403, The caller does not have permission
[debug] [2020-06-09T09:47:41.844Z] FirebaseError: HTTP Error: 403, The caller does not have permission
    at module.exports (/Users/chrisjensen/.nvm/versions/node/v10.17.0/lib/node_modules/firebase-tools/lib/responseToError.js:38:12)
    at Request._callback (/Users/chrisjensen/.nvm/versions/node/v10.17.0/lib/node_modules/firebase-tools/lib/api.js:41:35)
    at Request.self.callback (/Users/chrisjensen/.nvm/versions/node/v10.17.0/lib/node_modules/firebase-tools/node_modules/request/request.js:185:22)
    at Request.emit (events.js:198:13)
    at Request.EventEmitter.emit (domain.js:448:20)
    at Request.<anonymous> (/Users/chrisjensen/.nvm/versions/node/v10.17.0/lib/node_modules/firebase-tools/node_modules/request/request.js:1154:10)
    at Request.emit (events.js:198:13)
    at Request.EventEmitter.emit (domain.js:448:20)
    at IncomingMessage.<anonymous> (/Users/chrisjensen/.nvm/versions/node/v10.17.0/lib/node_modules/firebase-tools/node_modules/request/request.js:1076:12)
    at Object.onceWrapper (events.js:286:20)
    at IncomingMessage.emit (events.js:203:15)
    at IncomingMessage.EventEmitter.emit (domain.js:448:20)
    at endReadableNT (_stream_readable.js:1143:12)
    at process._tickCallback (internal/process/next_tick.js:63:19)
[error] 
[error] Error: Failed to add Firebase to Google Cloud Platform project. See firebase-debug.log for more info.
